  hw3_2019124208_1.c
C:\강예지5호점\코딩\C언어\hw3_2019124208_1\hw3_2019124208_1\hw3_2019124208_1.c(36,2): warning C4996: 'strcpy': This function or variable may be unsafe. Consider using strcpy_s instead. To disable deprecation, use _CRT_SECURE_NO_WARNINGS. See online help for details.
C:\강예지5호점\코딩\C언어\hw3_2019124208_1\hw3_2019124208_1\hw3_2019124208_1.c(60,12): warning C4098: 'push': 'void' 함수에서 값을 반환하고 있습니다.
C:\강예지5호점\코딩\C언어\hw3_2019124208_1\hw3_2019124208_1\hw3_2019124208_1.c(63,8): warning C4133: '=': 'node *'과(와) 'node *' 사이의 형식이 호환되지 않습니다.
C:\강예지5호점\코딩\C언어\hw3_2019124208_1\hw3_2019124208_1\hw3_2019124208_1.c(71,10): warning C4477: 'printf' : 서식 문자열 '%s'에 'char *' 형식의 인수가 필요하지만 variadic 인수 1의 형식이 'stack_node *'입니다.
C:\강예지5호점\코딩\C언어\hw3_2019124208_1\hw3_2019124208_1\hw3_2019124208_1.c(82,3): warning C4133: 'return': 'stack_node *'과(와) 'const char *' 사이의 형식이 호환되지 않습니다.
C:\강예지5호점\코딩\C언어\hw3_2019124208_1\hw3_2019124208_1\hw3_2019124208_1.c(91,2): warning C4133: 'return': 'node *'과(와) 'const char *' 사이의 형식이 호환되지 않습니다.
C:\강예지5호점\코딩\C언어\hw3_2019124208_1\hw3_2019124208_1\hw3_2019124208_1.c(79,7): warning C4101: 'popname' :참조되지 않은 지역 변수입니다.
C:\강예지5호점\코딩\C언어\hw3_2019124208_1\hw3_2019124208_1\hw3_2019124208_1.c(186,11): warning C4473: 'printf': 서식 문자열에 대한 인수가 충분하게 전달되지 않았습니다.
C:\강예지5호점\코딩\C언어\hw3_2019124208_1\hw3_2019124208_1\hw3_2019124208_1.c(186,11): message : 자리 표시자 및 해당 매개 변수에는 variadic 인수가 1개 필요하지만 0개가 제공되었습니다.
C:\강예지5호점\코딩\C언어\hw3_2019124208_1\hw3_2019124208_1\hw3_2019124208_1.c(186,11): message : 누락된 variadic 인수 1이(가) 서식 문자열 '%s'에 필요합니다.
C:\강예지5호점\코딩\C언어\hw3_2019124208_1\hw3_2019124208_1\hw3_2019124208_1.c(154,12): warning C4996: 'fopen': This function or variable may be unsafe. Consider using fopen_s instead. To disable deprecation, use _CRT_SECURE_NO_WARNINGS. See online help for details.
C:\강예지5호점\코딩\C언어\hw3_2019124208_1\hw3_2019124208_1\hw3_2019124208_1.c(162,2): warning C4996: 'fscanf': This function or variable may be unsafe. Consider using fscanf_s instead. To disable deprecation, use _CRT_SECURE_NO_WARNINGS. See online help for details.
C:\강예지5호점\코딩\C언어\hw3_2019124208_1\hw3_2019124208_1\hw3_2019124208_1.c(169,3): warning C4996: 'fscanf': This function or variable may be unsafe. Consider using fscanf_s instead. To disable deprecation, use _CRT_SECURE_NO_WARNINGS. See online help for details.
C:\강예지5호점\코딩\C언어\hw3_2019124208_1\hw3_2019124208_1\hw3_2019124208_1.c(223): warning C4716: 'add': 값을 반환해야 합니다.
C:\강예지5호점\코딩\C언어\hw3_2019124208_1\hw3_2019124208_1\hw3_2019124208_1.c(227): warning C4716: 'print_s': 값을 반환해야 합니다.
C:\강예지5호점\코딩\C언어\hw3_2019124208_1\hw3_2019124208_1\hw3_2019124208_1.c(113): warning C4715: 'pt_search': 모든 제어 경로에서 값을 반환하지는 않습니다.
C:\강예지5호점\코딩\C언어\hw3_2019124208_1\hw3_2019124208_1\hw3_2019124208_1.c(232): warning C4716: 'print_t': 값을 반환해야 합니다.
C:\강예지5호점\코딩\C언어\hw3_2019124208_1\hw3_2019124208_1\hw3_2019124208_1.c(242): warning C4716: 'save': 값을 반환해야 합니다.
C:\강예지5호점\코딩\C언어\hw3_2019124208_1\hw3_2019124208_1\hw3_2019124208_1.c(238): warning C4716: 'print_tree': 값을 반환해야 합니다.
  hw3_2019124208_1.vcxproj -> C:\강예지5호점\코딩\C언어\hw3_2019124208_1\x64\Debug\hw3_2019124208_1.exe
